2023/05/28 18:29:22 [notice] 1#1: using the "epoll" event method
2023/05/28 18:29:22 [notice] 1#1: nginx/1.25.0
2023/05/28 18:29:22 [notice] 1#1: built by gcc 12.2.1 20220924 (Alpine 12.2.1_git20220924-r4) 
2023/05/28 18:29:22 [notice] 1#1: OS: Linux 5.15.49-linuxkit
2023/05/28 18:29:22 [notice] 1#1: getrlimit(RLIMIT_NOFILE): 1048576:1048576
2023/05/28 18:29:22 [notice] 1#1: start worker processes
2023/05/28 18:29:22 [notice] 1#1: start worker process 29
2023/05/28 18:29:22 [notice] 1#1: start worker process 30
2023/05/28 18:29:22 [notice] 1#1: start worker process 31
2023/05/28 18:29:22 [notice] 1#1: start worker process 32
2023/05/28 18:29:22 [notice] 1#1: start worker process 33
2023/05/28 18:30:44 [error] 30#30: *2 open() "/var/www/html/favicon.ico" failed (2: No such file or directory), client: 172.18.0.1, server: , request: "GET /favicon.ico HTTP/1.1", host: "localhost:8080", referrer: "http://localhost:8080/"
2023/05/28 18:36:06 [notice] 1#1: signal 3 (SIGQUIT) received, shutting down
2023/05/28 18:36:06 [notice] 30#30: gracefully shutting down
2023/05/28 18:36:06 [notice] 31#31: gracefully shutting down
2023/05/28 18:36:06 [notice] 29#29: gracefully shutting down
2023/05/28 18:36:06 [notice] 32#32: gracefully shutting down
2023/05/28 18:36:06 [notice] 32#32: exiting
2023/05/28 18:36:06 [notice] 33#33: gracefully shutting down
2023/05/28 18:36:06 [notice] 30#30: exiting
2023/05/28 18:36:06 [notice] 30#30: exit
2023/05/28 18:36:06 [notice] 31#31: exiting
2023/05/28 18:36:06 [notice] 29#29: exiting
2023/05/28 18:36:06 [notice] 29#29: exit
2023/05/28 18:36:06 [notice] 32#32: exit
2023/05/28 18:36:06 [notice] 33#33: exiting
2023/05/28 18:36:06 [notice] 33#33: exit
2023/05/28 18:36:06 [notice] 31#31: exit
2023/05/28 18:36:06 [notice] 1#1: signal 17 (SIGCHLD) received from 30
2023/05/28 18:36:06 [notice] 1#1: worker process 30 exited with code 0
2023/05/28 18:36:06 [notice] 1#1: signal 29 (SIGIO) received
2023/05/28 18:36:06 [notice] 1#1: signal 17 (SIGCHLD) received from 29
2023/05/28 18:36:06 [notice] 1#1: worker process 29 exited with code 0
2023/05/28 18:36:06 [notice] 1#1: worker process 32 exited with code 0
2023/05/28 18:36:06 [notice] 1#1: signal 29 (SIGIO) received
2023/05/28 18:36:06 [notice] 1#1: signal 17 (SIGCHLD) received from 31
2023/05/28 18:36:06 [notice] 1#1: worker process 31 exited with code 0
2023/05/28 18:36:06 [notice] 1#1: signal 29 (SIGIO) received
2023/05/28 18:36:06 [notice] 1#1: signal 17 (SIGCHLD) received from 33
2023/05/28 18:36:06 [notice] 1#1: worker process 33 exited with code 0
2023/05/28 18:36:06 [notice] 1#1: exit
2023/05/28 18:36:24 [notice] 1#1: using the "epoll" event method
2023/05/28 18:36:24 [notice] 1#1: nginx/1.25.0
2023/05/28 18:36:24 [notice] 1#1: built by gcc 12.2.1 20220924 (Alpine 12.2.1_git20220924-r4) 
2023/05/28 18:36:24 [notice] 1#1: OS: Linux 5.15.49-linuxkit
2023/05/28 18:36:24 [notice] 1#1: getrlimit(RLIMIT_NOFILE): 1048576:1048576
2023/05/28 18:36:24 [notice] 1#1: start worker processes
2023/05/28 18:36:24 [notice] 1#1: start worker process 29
2023/05/28 18:36:24 [notice] 1#1: start worker process 30
2023/05/28 18:36:24 [notice] 1#1: start worker process 31
2023/05/28 18:36:24 [notice] 1#1: start worker process 32
2023/05/28 18:36:24 [notice] 1#1: start worker process 33
2023/05/28 18:37:52 [notice] 1#1: signal 3 (SIGQUIT) received, shutting down
2023/05/28 18:37:52 [notice] 29#29: gracefully shutting down
2023/05/28 18:37:52 [notice] 29#29: exiting
2023/05/28 18:37:52 [notice] 30#30: gracefully shutting down
2023/05/28 18:37:52 [notice] 32#32: gracefully shutting down
2023/05/28 18:37:52 [notice] 32#32: exiting
2023/05/28 18:37:52 [notice] 31#31: gracefully shutting down
2023/05/28 18:37:52 [notice] 33#33: gracefully shutting down
2023/05/28 18:37:52 [notice] 29#29: exit
2023/05/28 18:37:52 [notice] 30#30: exiting
2023/05/28 18:37:52 [notice] 32#32: exit
2023/05/28 18:37:52 [notice] 31#31: exiting
2023/05/28 18:37:52 [notice] 33#33: exiting
2023/05/28 18:37:52 [notice] 33#33: exit
2023/05/28 18:37:52 [notice] 30#30: exit
2023/05/28 18:37:52 [notice] 31#31: exit
2023/05/28 18:37:52 [notice] 1#1: signal 17 (SIGCHLD) received from 29
2023/05/28 18:37:52 [notice] 1#1: worker process 29 exited with code 0
2023/05/28 18:37:52 [notice] 1#1: signal 29 (SIGIO) received
2023/05/28 18:37:52 [notice] 1#1: signal 17 (SIGCHLD) received from 32
2023/05/28 18:37:52 [notice] 1#1: worker process 32 exited with code 0
2023/05/28 18:37:52 [notice] 1#1: signal 29 (SIGIO) received
2023/05/28 18:37:52 [notice] 1#1: signal 17 (SIGCHLD) received from 30
2023/05/28 18:37:52 [notice] 1#1: worker process 30 exited with code 0
2023/05/28 18:37:52 [notice] 1#1: worker process 31 exited with code 0
2023/05/28 18:37:52 [notice] 1#1: worker process 33 exited with code 0
2023/05/28 18:37:52 [notice] 1#1: exit
2023/05/28 18:37:58 [notice] 1#1: using the "epoll" event method
2023/05/28 18:37:58 [notice] 1#1: nginx/1.25.0
2023/05/28 18:37:58 [notice] 1#1: built by gcc 12.2.1 20220924 (Alpine 12.2.1_git20220924-r4) 
2023/05/28 18:37:58 [notice] 1#1: OS: Linux 5.15.49-linuxkit
2023/05/28 18:37:58 [notice] 1#1: getrlimit(RLIMIT_NOFILE): 1048576:1048576
2023/05/28 18:37:58 [notice] 1#1: start worker processes
2023/05/28 18:37:58 [notice] 1#1: start worker process 28
2023/05/28 18:37:58 [notice] 1#1: start worker process 29
2023/05/28 18:37:58 [notice] 1#1: start worker process 30
2023/05/28 18:37:58 [notice] 1#1: start worker process 31
2023/05/28 18:37:58 [notice] 1#1: start worker process 32
2023/05/28 18:49:39 [notice] 1#1: signal 3 (SIGQUIT) received, shutting down
2023/05/28 18:49:39 [notice] 28#28: gracefully shutting down
2023/05/28 18:49:39 [notice] 30#30: gracefully shutting down
2023/05/28 18:49:39 [notice] 29#29: gracefully shutting down
2023/05/28 18:49:39 [notice] 31#31: gracefully shutting down
2023/05/28 18:49:39 [notice] 32#32: gracefully shutting down
2023/05/28 18:49:39 [notice] 28#28: exiting
2023/05/28 18:49:39 [notice] 30#30: exiting
2023/05/28 18:49:39 [notice] 30#30: exit
2023/05/28 18:49:39 [notice] 29#29: exiting
2023/05/28 18:49:39 [notice] 31#31: exiting
2023/05/28 18:49:39 [notice] 32#32: exiting
2023/05/28 18:49:39 [notice] 32#32: exit
2023/05/28 18:49:39 [notice] 28#28: exit
2023/05/28 18:49:39 [notice] 29#29: exit
2023/05/28 18:49:39 [notice] 31#31: exit
2023/05/28 18:49:39 [notice] 1#1: signal 17 (SIGCHLD) received from 30
2023/05/28 18:49:39 [notice] 1#1: worker process 30 exited with code 0
2023/05/28 18:49:39 [notice] 1#1: signal 29 (SIGIO) received
2023/05/28 18:49:39 [notice] 1#1: signal 17 (SIGCHLD) received from 28
2023/05/28 18:49:39 [notice] 1#1: worker process 28 exited with code 0
2023/05/28 18:49:39 [notice] 1#1: signal 17 (SIGCHLD) received from 32
2023/05/28 18:49:39 [notice] 1#1: worker process 32 exited with code 0
2023/05/28 18:49:39 [notice] 1#1: signal 29 (SIGIO) received
2023/05/28 18:49:39 [notice] 1#1: signal 29 (SIGIO) received
2023/05/28 18:49:39 [notice] 1#1: signal 17 (SIGCHLD) received from 29
2023/05/28 18:49:39 [notice] 1#1: worker process 29 exited with code 0
2023/05/28 18:49:39 [notice] 1#1: signal 29 (SIGIO) received
2023/05/28 18:49:39 [notice] 1#1: signal 17 (SIGCHLD) received from 31
2023/05/28 18:49:39 [notice] 1#1: worker process 31 exited with code 0
2023/05/28 18:49:39 [notice] 1#1: exit
2023/05/28 18:49:44 [notice] 1#1: using the "epoll" event method
2023/05/28 18:49:44 [notice] 1#1: nginx/1.25.0
2023/05/28 18:49:44 [notice] 1#1: built by gcc 12.2.1 20220924 (Alpine 12.2.1_git20220924-r4) 
2023/05/28 18:49:44 [notice] 1#1: OS: Linux 5.15.49-linuxkit
2023/05/28 18:49:44 [notice] 1#1: getrlimit(RLIMIT_NOFILE): 1048576:1048576
2023/05/28 18:49:44 [notice] 1#1: start worker processes
2023/05/28 18:49:44 [notice] 1#1: start worker process 28
2023/05/28 18:49:44 [notice] 1#1: start worker process 29
2023/05/28 18:49:44 [notice] 1#1: start worker process 30
2023/05/28 18:49:44 [notice] 1#1: start worker process 31
2023/05/28 18:49:44 [notice] 1#1: start worker process 32
2023/05/28 18:49:50 [notice] 1#1: signal 3 (SIGQUIT) received, shutting down
2023/05/28 18:49:50 [notice] 30#30: gracefully shutting down
2023/05/28 18:49:50 [notice] 30#30: exiting
2023/05/28 18:49:50 [notice] 28#28: gracefully shutting down
2023/05/28 18:49:50 [notice] 28#28: exiting
2023/05/28 18:49:50 [notice] 29#29: gracefully shutting down
2023/05/28 18:49:50 [notice] 31#31: gracefully shutting down
2023/05/28 18:49:50 [notice] 32#32: gracefully shutting down
2023/05/28 18:49:50 [notice] 32#32: exiting
2023/05/28 18:49:50 [notice] 30#30: exit
2023/05/28 18:49:50 [notice] 28#28: exit
2023/05/28 18:49:50 [notice] 29#29: exiting
2023/05/28 18:49:50 [notice] 31#31: exiting
2023/05/28 18:49:50 [notice] 32#32: exit
2023/05/28 18:49:50 [notice] 29#29: exit
2023/05/28 18:49:50 [notice] 31#31: exit
2023/05/28 18:49:50 [notice] 1#1: signal 17 (SIGCHLD) received from 30
2023/05/28 18:49:50 [notice] 1#1: worker process 30 exited with code 0
2023/05/28 18:49:50 [notice] 1#1: signal 29 (SIGIO) received
2023/05/28 18:49:50 [notice] 1#1: signal 17 (SIGCHLD) received from 28
2023/05/28 18:49:50 [notice] 1#1: worker process 28 exited with code 0
2023/05/28 18:49:50 [notice] 1#1: signal 29 (SIGIO) received
2023/05/28 18:49:50 [notice] 1#1: signal 17 (SIGCHLD) received from 29
2023/05/28 18:49:50 [notice] 1#1: worker process 29 exited with code 0
2023/05/28 18:49:50 [notice] 1#1: signal 29 (SIGIO) received
2023/05/28 18:49:50 [notice] 1#1: signal 17 (SIGCHLD) received from 32
2023/05/28 18:49:50 [notice] 1#1: worker process 32 exited with code 0
2023/05/28 18:49:50 [notice] 1#1: signal 29 (SIGIO) received
2023/05/28 18:49:50 [notice] 1#1: signal 17 (SIGCHLD) received from 31
2023/05/28 18:49:50 [notice] 1#1: worker process 31 exited with code 0
2023/05/28 18:49:50 [notice] 1#1: exit
2023/05/28 18:49:54 [notice] 1#1: using the "epoll" event method
2023/05/28 18:49:54 [notice] 1#1: nginx/1.25.0
2023/05/28 18:49:54 [notice] 1#1: built by gcc 12.2.1 20220924 (Alpine 12.2.1_git20220924-r4) 
2023/05/28 18:49:54 [notice] 1#1: OS: Linux 5.15.49-linuxkit
2023/05/28 18:49:54 [notice] 1#1: getrlimit(RLIMIT_NOFILE): 1048576:1048576
2023/05/28 18:49:54 [notice] 1#1: start worker processes
2023/05/28 18:49:54 [notice] 1#1: start worker process 29
2023/05/28 18:49:54 [notice] 1#1: start worker process 30
2023/05/28 18:49:54 [notice] 1#1: start worker process 31
2023/05/28 18:49:54 [notice] 1#1: start worker process 32
2023/05/28 18:49:54 [notice] 1#1: start worker process 33
2023/05/28 18:50:04 [error] 30#30: *2 directory index of "/var/www/html/" is forbidden, client: 172.21.0.1, server: , request: "GET / HTTP/1.1", host: "localhost:8080"
2023/05/28 18:50:06 [error] 30#30: *2 directory index of "/var/www/html/" is forbidden, client: 172.21.0.1, server: , request: "GET / HTTP/1.1", host: "localhost:8080"
2023/05/28 18:51:32 [error] 31#31: *3 directory index of "/var/www/html/" is forbidden, client: 172.21.0.1, server: , request: "GET / HTTP/1.1", host: "localhost:8080"
2023/05/28 18:51:42 [notice] 1#1: signal 3 (SIGQUIT) received, shutting down
2023/05/28 18:51:42 [notice] 33#33: gracefully shutting down
2023/05/28 18:51:42 [notice] 33#33: exiting
2023/05/28 18:51:42 [notice] 32#32: gracefully shutting down
2023/05/28 18:51:42 [notice] 29#29: gracefully shutting down
2023/05/28 18:51:42 [notice] 29#29: exiting
2023/05/28 18:51:42 [notice] 30#30: gracefully shutting down
2023/05/28 18:51:42 [notice] 30#30: exiting
2023/05/28 18:51:42 [notice] 31#31: gracefully shutting down
2023/05/28 18:51:42 [notice] 33#33: exit
2023/05/28 18:51:42 [notice] 32#32: exiting
2023/05/28 18:51:42 [notice] 29#29: exit
2023/05/28 18:51:42 [notice] 30#30: exit
2023/05/28 18:51:42 [notice] 32#32: exit
2023/05/28 18:51:42 [notice] 1#1: signal 17 (SIGCHLD) received from 33
2023/05/28 18:51:42 [notice] 1#1: worker process 33 exited with code 0
2023/05/28 18:51:42 [notice] 1#1: signal 29 (SIGIO) received
2023/05/28 18:51:42 [notice] 1#1: signal 17 (SIGCHLD) received from 29
2023/05/28 18:51:42 [notice] 1#1: worker process 29 exited with code 0
2023/05/28 18:51:42 [notice] 1#1: signal 29 (SIGIO) received
2023/05/28 18:51:42 [notice] 1#1: signal 17 (SIGCHLD) received from 32
2023/05/28 18:51:42 [notice] 1#1: worker process 32 exited with code 0
2023/05/28 18:51:42 [notice] 1#1: signal 29 (SIGIO) received
2023/05/28 18:51:42 [notice] 1#1: signal 17 (SIGCHLD) received from 30
2023/05/28 18:51:42 [notice] 1#1: worker process 30 exited with code 0
2023/05/28 18:51:42 [notice] 1#1: signal 29 (SIGIO) received
2023/05/28 18:51:56 [notice] 1#1: using the "epoll" event method
2023/05/28 18:51:56 [notice] 1#1: nginx/1.25.0
2023/05/28 18:51:56 [notice] 1#1: built by gcc 12.2.1 20220924 (Alpine 12.2.1_git20220924-r4) 
2023/05/28 18:51:56 [notice] 1#1: OS: Linux 5.15.49-linuxkit
2023/05/28 18:51:56 [notice] 1#1: getrlimit(RLIMIT_NOFILE): 1048576:1048576
2023/05/28 18:51:56 [notice] 1#1: start worker processes
2023/05/28 18:51:56 [notice] 1#1: start worker process 29
2023/05/28 18:51:56 [notice] 1#1: start worker process 30
2023/05/28 18:51:56 [notice] 1#1: start worker process 31
2023/05/28 18:51:56 [notice] 1#1: start worker process 32
2023/05/28 18:51:56 [notice] 1#1: start worker process 33
2023/05/28 18:52:04 [error] 29#29: *2 directory index of "/var/www/html/" is forbidden, client: 172.22.0.1, server: , request: "GET / HTTP/1.1", host: "localhost:8080"
2023/05/28 18:54:52 [notice] 1#1: signal 3 (SIGQUIT) received, shutting down
2023/05/28 18:54:52 [notice] 29#29: gracefully shutting down
2023/05/28 18:54:52 [notice] 29#29: exiting
2023/05/28 18:54:52 [notice] 31#31: gracefully shutting down
2023/05/28 18:54:52 [notice] 33#33: gracefully shutting down
2023/05/28 18:54:52 [notice] 33#33: exiting
2023/05/28 18:54:52 [notice] 32#32: gracefully shutting down
2023/05/28 18:54:52 [notice] 32#32: exiting
2023/05/28 18:54:52 [notice] 30#30: gracefully shutting down
2023/05/28 18:54:52 [notice] 29#29: exit
2023/05/28 18:54:52 [notice] 31#31: exiting
2023/05/28 18:54:52 [notice] 33#33: exit
2023/05/28 18:54:52 [notice] 32#32: exit
2023/05/28 18:54:52 [notice] 30#30: exiting
2023/05/28 18:54:52 [notice] 31#31: exit
2023/05/28 18:54:52 [notice] 30#30: exit
2023/05/28 18:54:52 [notice] 1#1: signal 17 (SIGCHLD) received from 33
2023/05/28 18:54:52 [notice] 1#1: worker process 32 exited with code 0
2023/05/28 18:54:52 [notice] 1#1: worker process 29 exited with code 0
2023/05/28 18:54:52 [notice] 1#1: worker process 33 exited with code 0
2023/05/28 18:54:52 [notice] 1#1: signal 29 (SIGIO) received
2023/05/28 18:54:52 [notice] 1#1: signal 17 (SIGCHLD) received from 32
2023/05/28 18:54:52 [notice] 1#1: signal 17 (SIGCHLD) received from 30
2023/05/28 18:54:52 [notice] 1#1: worker process 30 exited with code 0
2023/05/28 18:54:52 [notice] 1#1: worker process 31 exited with code 0
2023/05/28 18:54:52 [notice] 1#1: exit
2023/05/28 18:54:55 [notice] 1#1: using the "epoll" event method
2023/05/28 18:54:55 [notice] 1#1: nginx/1.25.0
2023/05/28 18:54:55 [notice] 1#1: built by gcc 12.2.1 20220924 (Alpine 12.2.1_git20220924-r4) 
2023/05/28 18:54:55 [notice] 1#1: OS: Linux 5.15.49-linuxkit
2023/05/28 18:54:55 [notice] 1#1: getrlimit(RLIMIT_NOFILE): 1048576:1048576
2023/05/28 18:54:55 [notice] 1#1: start worker processes
2023/05/28 18:54:55 [notice] 1#1: start worker process 29
2023/05/28 18:54:55 [notice] 1#1: start worker process 30
2023/05/28 18:54:55 [notice] 1#1: start worker process 31
2023/05/28 18:54:55 [notice] 1#1: start worker process 32
2023/05/28 18:54:55 [notice] 1#1: start worker process 33
2023/05/28 18:55:00 [error] 29#29: *1 directory index of "/var/www/html/" is forbidden, client: 172.23.0.1, server: , request: "GET / HTTP/1.1", host: "localhost:8080"
2023/05/28 18:55:01 [error] 29#29: *1 directory index of "/var/www/html/" is forbidden, client: 172.23.0.1, server: , request: "GET / HTTP/1.1", host: "localhost:8080"
2023/05/28 18:55:01 [error] 29#29: *1 directory index of "/var/www/html/" is forbidden, client: 172.23.0.1, server: , request: "GET / HTTP/1.1", host: "localhost:8080"
2023/05/28 18:55:01 [error] 29#29: *1 directory index of "/var/www/html/" is forbidden, client: 172.23.0.1, server: , request: "GET / HTTP/1.1", host: "localhost:8080"
2023/05/28 18:55:01 [error] 29#29: *1 directory index of "/var/www/html/" is forbidden, client: 172.23.0.1, server: , request: "GET / HTTP/1.1", host: "localhost:8080"
2023/05/28 18:56:24 [notice] 1#1: signal 3 (SIGQUIT) received, shutting down
2023/05/28 18:56:24 [notice] 30#30: gracefully shutting down
2023/05/28 18:56:24 [notice] 30#30: exiting
2023/05/28 18:56:24 [notice] 31#31: gracefully shutting down
2023/05/28 18:56:24 [notice] 32#32: gracefully shutting down
2023/05/28 18:56:24 [notice] 29#29: gracefully shutting down
2023/05/28 18:56:24 [notice] 30#30: exit
2023/05/28 18:56:24 [notice] 33#33: gracefully shutting down
2023/05/28 18:56:24 [notice] 31#31: exiting
2023/05/28 18:56:24 [notice] 32#32: exiting
2023/05/28 18:56:24 [notice] 29#29: exiting
2023/05/28 18:56:24 [notice] 33#33: exiting
2023/05/28 18:56:24 [notice] 31#31: exit
2023/05/28 18:56:24 [notice] 32#32: exit
2023/05/28 18:56:24 [notice] 29#29: exit
2023/05/28 18:56:24 [notice] 33#33: exit
2023/05/28 18:56:24 [notice] 1#1: signal 17 (SIGCHLD) received from 30
2023/05/28 18:56:24 [notice] 1#1: worker process 30 exited with code 0
2023/05/28 18:56:24 [notice] 1#1: signal 29 (SIGIO) received
2023/05/28 18:56:24 [notice] 1#1: signal 17 (SIGCHLD) received from 32
2023/05/28 18:56:24 [notice] 1#1: worker process 31 exited with code 0
2023/05/28 18:56:24 [notice] 1#1: worker process 32 exited with code 0
2023/05/28 18:56:24 [notice] 1#1: signal 29 (SIGIO) received
2023/05/28 18:56:24 [notice] 1#1: signal 17 (SIGCHLD) received from 31
2023/05/28 18:56:24 [notice] 1#1: signal 17 (SIGCHLD) received from 29
2023/05/28 18:56:24 [notice] 1#1: worker process 29 exited with code 0
2023/05/28 18:56:24 [notice] 1#1: signal 29 (SIGIO) received
2023/05/28 18:56:24 [notice] 1#1: signal 17 (SIGCHLD) received from 33
2023/05/28 18:56:24 [notice] 1#1: worker process 33 exited with code 0
2023/05/28 18:56:24 [notice] 1#1: exit
2023/05/28 18:56:27 [notice] 1#1: using the "epoll" event method
2023/05/28 18:56:27 [notice] 1#1: nginx/1.25.0
2023/05/28 18:56:27 [notice] 1#1: built by gcc 12.2.1 20220924 (Alpine 12.2.1_git20220924-r4) 
2023/05/28 18:56:27 [notice] 1#1: OS: Linux 5.15.49-linuxkit
2023/05/28 18:56:27 [notice] 1#1: getrlimit(RLIMIT_NOFILE): 1048576:1048576
2023/05/28 18:56:27 [notice] 1#1: start worker processes
2023/05/28 18:56:27 [notice] 1#1: start worker process 29
2023/05/28 18:56:27 [notice] 1#1: start worker process 30
2023/05/28 18:56:27 [notice] 1#1: start worker process 31
2023/05/28 18:56:27 [notice] 1#1: start worker process 32
2023/05/28 18:56:27 [notice] 1#1: start worker process 33
2023/05/28 18:56:31 [error] 29#29: *2 directory index of "/var/www/html/" is forbidden, client: 172.24.0.1, server: , request: "GET / HTTP/1.1", host: "localhost:8080"
2023/05/28 18:56:32 [error] 29#29: *2 directory index of "/var/www/html/" is forbidden, client: 172.24.0.1, server: , request: "GET / HTTP/1.1", host: "localhost:8080"
2023/05/28 18:58:10 [notice] 1#1: signal 3 (SIGQUIT) received, shutting down
2023/05/28 18:58:10 [notice] 29#29: gracefully shutting down
2023/05/28 18:58:10 [notice] 31#31: gracefully shutting down
2023/05/28 18:58:10 [notice] 31#31: exiting
2023/05/28 18:58:10 [notice] 32#32: gracefully shutting down
2023/05/28 18:58:10 [notice] 30#30: gracefully shutting down
2023/05/28 18:58:10 [notice] 33#33: gracefully shutting down
2023/05/28 18:58:10 [notice] 29#29: exiting
2023/05/28 18:58:10 [notice] 31#31: exit
2023/05/28 18:58:10 [notice] 32#32: exiting
2023/05/28 18:58:10 [notice] 30#30: exiting
2023/05/28 18:58:10 [notice] 33#33: exiting
2023/05/28 18:58:10 [notice] 29#29: exit
2023/05/28 18:58:10 [notice] 32#32: exit
2023/05/28 18:58:10 [notice] 30#30: exit
2023/05/28 18:58:10 [notice] 33#33: exit
2023/05/28 18:58:10 [notice] 1#1: signal 17 (SIGCHLD) received from 31
2023/05/28 18:58:10 [notice] 1#1: worker process 31 exited with code 0
2023/05/28 18:58:10 [notice] 1#1: signal 29 (SIGIO) received
2023/05/28 18:58:10 [notice] 1#1: signal 17 (SIGCHLD) received from 33
2023/05/28 18:58:10 [notice] 1#1: worker process 33 exited with code 0
2023/05/28 18:58:10 [notice] 1#1: signal 29 (SIGIO) received
2023/05/28 18:58:10 [notice] 1#1: signal 17 (SIGCHLD) received from 29
2023/05/28 18:58:10 [notice] 1#1: worker process 29 exited with code 0
2023/05/28 18:58:10 [notice] 1#1: worker process 30 exited with code 0
2023/05/28 18:58:10 [notice] 1#1: worker process 32 exited with code 0
2023/05/28 18:58:10 [notice] 1#1: signal 17 (SIGCHLD) received from 32
2023/05/28 18:58:10 [notice] 1#1: exit
2023/05/28 18:58:14 [notice] 1#1: using the "epoll" event method
2023/05/28 18:58:14 [notice] 1#1: nginx/1.25.0
2023/05/28 18:58:14 [notice] 1#1: built by gcc 12.2.1 20220924 (Alpine 12.2.1_git20220924-r4) 
2023/05/28 18:58:14 [notice] 1#1: OS: Linux 5.15.49-linuxkit
2023/05/28 18:58:14 [notice] 1#1: getrlimit(RLIMIT_NOFILE): 1048576:1048576
2023/05/28 18:58:14 [notice] 1#1: start worker processes
2023/05/28 18:58:14 [notice] 1#1: start worker process 29
2023/05/28 18:58:14 [notice] 1#1: start worker process 30
2023/05/28 18:58:14 [notice] 1#1: start worker process 31
2023/05/28 18:58:14 [notice] 1#1: start worker process 32
2023/05/28 18:58:14 [notice] 1#1: start worker process 33
2023/05/28 18:58:20 [error] 30#30: *2 directory index of "/var/www/html/" is forbidden, client: 172.25.0.1, server: , request: "GET / HTTP/1.1", host: "localhost:8080"
2023/05/28 18:58:21 [error] 30#30: *2 directory index of "/var/www/html/" is forbidden, client: 172.25.0.1, server: , request: "GET / HTTP/1.1", host: "localhost:8080"
2023/05/28 18:58:21 [error] 30#30: *2 directory index of "/var/www/html/" is forbidden, client: 172.25.0.1, server: , request: "GET / HTTP/1.1", host: "localhost:8080"
2023/05/28 18:58:21 [error] 30#30: *2 directory index of "/var/www/html/" is forbidden, client: 172.25.0.1, server: , request: "GET / HTTP/1.1", host: "localhost:8080"
2023/05/28 18:58:21 [error] 30#30: *2 directory index of "/var/www/html/" is forbidden, client: 172.25.0.1, server: , request: "GET / HTTP/1.1", host: "localhost:8080"
2023/05/28 19:00:01 [notice] 1#1: signal 3 (SIGQUIT) received, shutting down
2023/05/28 19:00:01 [notice] 29#29: gracefully shutting down
2023/05/28 19:00:01 [notice] 31#31: gracefully shutting down
2023/05/28 19:00:01 [notice] 32#32: gracefully shutting down
2023/05/28 19:00:01 [notice] 32#32: exiting
2023/05/28 19:00:01 [notice] 33#33: gracefully shutting down
2023/05/28 19:00:01 [notice] 30#30: gracefully shutting down
2023/05/28 19:00:01 [notice] 29#29: exiting
2023/05/28 19:00:01 [notice] 29#29: exit
2023/05/28 19:00:01 [notice] 31#31: exiting
2023/05/28 19:00:01 [notice] 32#32: exit
2023/05/28 19:00:01 [notice] 33#33: exiting
2023/05/28 19:00:01 [notice] 30#30: exiting
2023/05/28 19:00:01 [notice] 31#31: exit
2023/05/28 19:00:01 [notice] 33#33: exit
2023/05/28 19:00:01 [notice] 30#30: exit
2023/05/28 19:00:01 [notice] 1#1: signal 17 (SIGCHLD) received from 29
2023/05/28 19:00:01 [notice] 1#1: worker process 29 exited with code 0
2023/05/28 19:00:01 [notice] 1#1: signal 29 (SIGIO) received
2023/05/28 19:00:01 [notice] 1#1: signal 17 (SIGCHLD) received from 31
2023/05/28 19:00:01 [notice] 1#1: worker process 31 exited with code 0
2023/05/28 19:00:01 [notice] 1#1: signal 29 (SIGIO) received
2023/05/28 19:00:01 [notice] 1#1: signal 17 (SIGCHLD) received from 32
2023/05/28 19:00:01 [notice] 1#1: worker process 32 exited with code 0
2023/05/28 19:00:01 [notice] 1#1: signal 29 (SIGIO) received
2023/05/28 19:00:01 [notice] 1#1: signal 17 (SIGCHLD) received from 33
2023/05/28 19:00:01 [notice] 1#1: worker process 33 exited with code 0
2023/05/28 19:00:01 [notice] 1#1: worker process 30 exited with code 0
2023/05/28 19:00:01 [notice] 1#1: signal 17 (SIGCHLD) received from 30
2023/05/28 19:00:01 [notice] 1#1: exit
2023/05/28 19:00:04 [notice] 1#1: using the "epoll" event method
2023/05/28 19:00:04 [notice] 1#1: nginx/1.25.0
2023/05/28 19:00:04 [notice] 1#1: built by gcc 12.2.1 20220924 (Alpine 12.2.1_git20220924-r4) 
2023/05/28 19:00:04 [notice] 1#1: OS: Linux 5.15.49-linuxkit
2023/05/28 19:00:04 [notice] 1#1: getrlimit(RLIMIT_NOFILE): 1048576:1048576
2023/05/28 19:00:04 [notice] 1#1: start worker processes
2023/05/28 19:00:04 [notice] 1#1: start worker process 29
2023/05/28 19:00:04 [notice] 1#1: start worker process 30
2023/05/28 19:00:04 [notice] 1#1: start worker process 31
2023/05/28 19:00:04 [notice] 1#1: start worker process 32
2023/05/28 19:00:04 [notice] 1#1: start worker process 33
2023/05/28 19:00:18 [notice] 1#1: signal 3 (SIGQUIT) received, shutting down
2023/05/28 19:00:18 [notice] 29#29: gracefully shutting down
2023/05/28 19:00:18 [notice] 29#29: exiting
2023/05/28 19:00:18 [notice] 31#31: gracefully shutting down
2023/05/28 19:00:18 [notice] 31#31: exiting
2023/05/28 19:00:18 [notice] 30#30: gracefully shutting down
2023/05/28 19:00:18 [notice] 30#30: exiting
2023/05/28 19:00:18 [notice] 32#32: gracefully shutting down
2023/05/28 19:00:18 [notice] 32#32: exiting
2023/05/28 19:00:18 [notice] 33#33: gracefully shutting down
2023/05/28 19:00:18 [notice] 29#29: exit
2023/05/28 19:00:18 [notice] 31#31: exit
2023/05/28 19:00:18 [notice] 30#30: exit
2023/05/28 19:00:18 [notice] 32#32: exit
2023/05/28 19:00:18 [notice] 33#33: exiting
2023/05/28 19:00:18 [notice] 33#33: exit
2023/05/28 19:00:18 [notice] 1#1: signal 17 (SIGCHLD) received from 31
2023/05/28 19:00:18 [notice] 1#1: worker process 31 exited with code 0
2023/05/28 19:00:18 [notice] 1#1: signal 29 (SIGIO) received
2023/05/28 19:00:18 [notice] 1#1: signal 17 (SIGCHLD) received from 29
2023/05/28 19:00:18 [notice] 1#1: worker process 29 exited with code 0
2023/05/28 19:00:18 [notice] 1#1: worker process 30 exited with code 0
2023/05/28 19:00:18 [notice] 1#1: signal 29 (SIGIO) received
2023/05/28 19:00:18 [notice] 1#1: signal 17 (SIGCHLD) received from 30
2023/05/28 19:00:18 [notice] 1#1: worker process 32 exited with code 0
2023/05/28 19:00:18 [notice] 1#1: signal 29 (SIGIO) received
2023/05/28 19:00:18 [notice] 1#1: signal 17 (SIGCHLD) received from 32
2023/05/28 19:00:18 [notice] 1#1: signal 17 (SIGCHLD) received from 33
2023/05/28 19:00:18 [notice] 1#1: worker process 33 exited with code 0
2023/05/28 19:00:18 [notice] 1#1: exit
2023/05/28 19:00:25 [notice] 1#1: using the "epoll" event method
2023/05/28 19:00:25 [notice] 1#1: nginx/1.25.0
2023/05/28 19:00:25 [notice] 1#1: built by gcc 12.2.1 20220924 (Alpine 12.2.1_git20220924-r4) 
2023/05/28 19:00:25 [notice] 1#1: OS: Linux 5.15.49-linuxkit
2023/05/28 19:00:25 [notice] 1#1: getrlimit(RLIMIT_NOFILE): 1048576:1048576
2023/05/28 19:00:25 [notice] 1#1: start worker processes
2023/05/28 19:00:25 [notice] 1#1: start worker process 29
2023/05/28 19:00:25 [notice] 1#1: start worker process 30
2023/05/28 19:00:25 [notice] 1#1: start worker process 31
2023/05/28 19:00:25 [notice] 1#1: start worker process 32
2023/05/28 19:00:25 [notice] 1#1: start worker process 33
2023/05/28 19:00:35 [error] 29#29: *2 directory index of "/var/www/html/" is forbidden, client: 172.27.0.1, server: , request: "GET / HTTP/1.1", host: "localhost:8080"
2023/05/28 19:00:36 [error] 29#29: *2 directory index of "/var/www/html/" is forbidden, client: 172.27.0.1, server: , request: "GET / HTTP/1.1", host: "localhost:8080"
2023/05/28 19:00:36 [error] 29#29: *2 directory index of "/var/www/html/" is forbidden, client: 172.27.0.1, server: , request: "GET / HTTP/1.1", host: "localhost:8080"
2023/05/28 19:00:38 [error] 29#29: *2 directory index of "/var/www/html/" is forbidden, client: 172.27.0.1, server: , request: "GET / HTTP/1.1", host: "localhost:8080"
2023/05/28 19:01:14 [error] 29#29: *2 open() "/var/www/html/index" failed (2: No such file or directory), client: 172.27.0.1, server: , request: "GET /index HTTP/1.1", host: "localhost:8080"
2023/05/28 19:02:12 [error] 29#29: *2 directory index of "/var/www/html/" is forbidden, client: 172.27.0.1, server: , request: "GET / HTTP/1.1", host: "localhost:8080"
2023/05/28 19:02:57 [notice] 1#1: signal 3 (SIGQUIT) received, shutting down
2023/05/28 19:02:57 [notice] 29#29: gracefully shutting down
2023/05/28 19:02:57 [notice] 30#30: gracefully shutting down
2023/05/28 19:02:57 [notice] 31#31: gracefully shutting down
2023/05/28 19:02:57 [notice] 33#33: gracefully shutting down
2023/05/28 19:02:57 [notice] 33#33: exiting
2023/05/28 19:02:57 [notice] 32#32: gracefully shutting down
2023/05/28 19:02:57 [notice] 32#32: exiting
2023/05/28 19:02:57 [notice] 29#29: exiting
2023/05/28 19:02:57 [notice] 30#30: exiting
2023/05/28 19:02:57 [notice] 33#33: exit
2023/05/28 19:02:57 [notice] 32#32: exit
2023/05/28 19:02:57 [notice] 29#29: exit
2023/05/28 19:02:57 [notice] 30#30: exit
2023/05/28 19:02:57 [notice] 1#1: signal 17 (SIGCHLD) received from 33
2023/05/28 19:02:57 [notice] 1#1: worker process 33 exited with code 0
2023/05/28 19:02:57 [notice] 1#1: signal 29 (SIGIO) received
2023/05/28 19:02:57 [notice] 1#1: signal 17 (SIGCHLD) received from 32
2023/05/28 19:02:57 [notice] 1#1: worker process 32 exited with code 0
2023/05/28 19:02:57 [notice] 1#1: signal 29 (SIGIO) received
2023/05/28 19:02:57 [notice] 1#1: signal 17 (SIGCHLD) received from 30
2023/05/28 19:02:57 [notice] 1#1: worker process 29 exited with code 0
2023/05/28 19:02:57 [notice] 1#1: worker process 30 exited with code 0
2023/05/28 19:02:57 [notice] 1#1: signal 17 (SIGCHLD) received from 29
2023/05/28 19:02:57 [notice] 1#1: signal 29 (SIGIO) received
2023/05/28 19:03:24 [notice] 1#1: using the "epoll" event method
2023/05/28 19:03:24 [notice] 1#1: nginx/1.25.0
2023/05/28 19:03:24 [notice] 1#1: built by gcc 12.2.1 20220924 (Alpine 12.2.1_git20220924-r4) 
2023/05/28 19:03:24 [notice] 1#1: OS: Linux 5.15.49-linuxkit
2023/05/28 19:03:24 [notice] 1#1: getrlimit(RLIMIT_NOFILE): 1048576:1048576
2023/05/28 19:03:24 [notice] 1#1: start worker processes
2023/05/28 19:03:24 [notice] 1#1: start worker process 29
2023/05/28 19:03:24 [notice] 1#1: start worker process 30
2023/05/28 19:03:24 [notice] 1#1: start worker process 31
2023/05/28 19:03:24 [notice] 1#1: start worker process 32
2023/05/28 19:03:24 [notice] 1#1: start worker process 33
2023/05/28 19:03:29 [error] 29#29: *1 directory index of "/var/www/html/" is forbidden, client: 172.28.0.1, server: , request: "GET / HTTP/1.1", host: "localhost:8080"
2023/05/28 19:03:31 [error] 29#29: *1 directory index of "/var/www/html/" is forbidden, client: 172.28.0.1, server: , request: "GET / HTTP/1.1", host: "localhost:8080"
2023/05/28 19:06:16 [error] 31#31: *4 directory index of "/var/www/html/" is forbidden, client: 172.28.0.1, server: , request: "GET / HTTP/1.1", host: "localhost:8080"
2023/05/28 19:07:56 [notice] 1#1: signal 3 (SIGQUIT) received, shutting down
2023/05/28 19:07:56 [notice] 30#30: gracefully shutting down
2023/05/28 19:07:56 [notice] 33#33: gracefully shutting down
2023/05/28 19:07:56 [notice] 33#33: exiting
2023/05/28 19:07:56 [notice] 29#29: gracefully shutting down
2023/05/28 19:07:56 [notice] 32#32: gracefully shutting down
2023/05/28 19:07:56 [notice] 31#31: gracefully shutting down
2023/05/28 19:07:56 [notice] 30#30: exiting
2023/05/28 19:07:56 [notice] 33#33: exit
2023/05/28 19:07:56 [notice] 29#29: exiting
2023/05/28 19:07:56 [notice] 32#32: exiting
2023/05/28 19:07:56 [notice] 32#32: exit
2023/05/28 19:07:56 [notice] 31#31: exiting
2023/05/28 19:07:56 [notice] 30#30: exit
2023/05/28 19:07:56 [notice] 29#29: exit
2023/05/28 19:07:56 [notice] 31#31: exit
2023/05/28 19:07:56 [notice] 1#1: signal 17 (SIGCHLD) received from 32
2023/05/28 19:07:56 [notice] 1#1: worker process 32 exited with code 0
2023/05/28 19:07:56 [notice] 1#1: signal 29 (SIGIO) received
2023/05/28 19:07:56 [notice] 1#1: signal 17 (SIGCHLD) received from 29
2023/05/28 19:07:56 [notice] 1#1: worker process 29 exited with code 0
2023/05/28 19:07:56 [notice] 1#1: worker process 30 exited with code 0
2023/05/28 19:07:56 [notice] 1#1: worker process 33 exited with code 0
2023/05/28 19:07:56 [notice] 1#1: signal 29 (SIGIO) received
2023/05/28 19:07:56 [notice] 1#1: signal 17 (SIGCHLD) received from 33
2023/05/28 19:07:56 [notice] 1#1: signal 17 (SIGCHLD) received from 31
2023/05/28 19:07:56 [notice] 1#1: worker process 31 exited with code 0
2023/05/28 19:07:56 [notice] 1#1: exit
2023/05/28 19:08:26 [notice] 1#1: using the "epoll" event method
2023/05/28 19:08:26 [notice] 1#1: nginx/1.25.0
2023/05/28 19:08:26 [notice] 1#1: built by gcc 12.2.1 20220924 (Alpine 12.2.1_git20220924-r4) 
2023/05/28 19:08:26 [notice] 1#1: OS: Linux 5.15.49-linuxkit
2023/05/28 19:08:26 [notice] 1#1: getrlimit(RLIMIT_NOFILE): 1048576:1048576
2023/05/28 19:08:26 [notice] 1#1: start worker processes
2023/05/28 19:08:26 [notice] 1#1: start worker process 30
2023/05/28 19:08:26 [notice] 1#1: start worker process 31
2023/05/28 19:08:26 [notice] 1#1: start worker process 32
2023/05/28 19:08:26 [notice] 1#1: start worker process 33
2023/05/28 19:08:26 [notice] 1#1: start worker process 34
2023/05/28 19:08:33 [error] 30#30: *1 directory index of "/var/www/html/" is forbidden, client: 172.29.0.1, server: , request: "GET / HTTP/1.1", host: "localhost:8080"
2023/05/28 19:08:35 [error] 30#30: *1 directory index of "/var/www/html/" is forbidden, client: 172.29.0.1, server: , request: "GET / HTTP/1.1", host: "localhost:8080"
2023/05/28 19:08:41 [error] 30#30: *1 directory index of "/var/www/html/" is forbidden, client: 172.29.0.1, server: , request: "GET / HTTP/1.1", host: "localhost:8080"
2023/05/28 19:10:35 [notice] 1#1: signal 3 (SIGQUIT) received, shutting down
2023/05/28 19:10:35 [notice] 34#34: gracefully shutting down
2023/05/28 19:10:35 [notice] 32#32: gracefully shutting down
2023/05/28 19:10:35 [notice] 31#31: gracefully shutting down
2023/05/28 19:10:35 [notice] 33#33: gracefully shutting down
2023/05/28 19:10:35 [notice] 30#30: gracefully shutting down
2023/05/28 19:10:35 [notice] 34#34: exiting
2023/05/28 19:10:35 [notice] 32#32: exiting
2023/05/28 19:10:35 [notice] 33#33: exiting
2023/05/28 19:10:35 [notice] 31#31: exiting
2023/05/28 19:10:35 [notice] 30#30: exiting
2023/05/28 19:10:35 [notice] 34#34: exit
2023/05/28 19:10:35 [notice] 32#32: exit
2023/05/28 19:10:35 [notice] 33#33: exit
2023/05/28 19:10:35 [notice] 31#31: exit
2023/05/28 19:10:35 [notice] 30#30: exit
2023/05/28 19:10:35 [notice] 1#1: signal 17 (SIGCHLD) received from 34
2023/05/28 19:10:35 [notice] 1#1: worker process 34 exited with code 0
2023/05/28 19:10:35 [notice] 1#1: signal 29 (SIGIO) received
2023/05/28 19:10:35 [notice] 1#1: signal 17 (SIGCHLD) received from 33
2023/05/28 19:10:35 [notice] 1#1: worker process 31 exited with code 0
2023/05/28 19:10:35 [notice] 1#1: worker process 33 exited with code 0
2023/05/28 19:10:35 [notice] 1#1: worker process 32 exited with code 0
2023/05/28 19:10:35 [notice] 1#1: signal 29 (SIGIO) received
2023/05/28 19:10:35 [notice] 1#1: signal 17 (SIGCHLD) received from 32
2023/05/28 19:10:35 [notice] 1#1: signal 17 (SIGCHLD) received from 30
2023/05/28 19:10:35 [notice] 1#1: worker process 30 exited with code 0
2023/05/28 19:10:35 [notice] 1#1: exit
2023/05/28 19:10:38 [notice] 1#1: using the "epoll" event method
2023/05/28 19:10:38 [notice] 1#1: nginx/1.25.0
2023/05/28 19:10:38 [notice] 1#1: built by gcc 12.2.1 20220924 (Alpine 12.2.1_git20220924-r4) 
2023/05/28 19:10:38 [notice] 1#1: OS: Linux 5.15.49-linuxkit
2023/05/28 19:10:38 [notice] 1#1: getrlimit(RLIMIT_NOFILE): 1048576:1048576
2023/05/28 19:10:38 [notice] 1#1: start worker processes
2023/05/28 19:10:38 [notice] 1#1: start worker process 29
2023/05/28 19:10:38 [notice] 1#1: start worker process 30
2023/05/28 19:10:38 [notice] 1#1: start worker process 31
2023/05/28 19:10:38 [notice] 1#1: start worker process 32
2023/05/28 19:10:38 [notice] 1#1: start worker process 33
2023/05/28 19:11:43 [notice] 1#1: signal 3 (SIGQUIT) received, shutting down
2023/05/28 19:11:43 [notice] 29#29: gracefully shutting down
2023/05/28 19:11:43 [notice] 30#30: gracefully shutting down
2023/05/28 19:11:43 [notice] 31#31: gracefully shutting down
2023/05/28 19:11:43 [notice] 33#33: gracefully shutting down
2023/05/28 19:11:43 [notice] 32#32: gracefully shutting down
2023/05/28 19:11:43 [notice] 30#30: exiting
2023/05/28 19:11:43 [notice] 30#30: exit
2023/05/28 19:11:43 [notice] 31#31: exiting
2023/05/28 19:11:43 [notice] 33#33: exiting
2023/05/28 19:11:43 [notice] 32#32: exiting
2023/05/28 19:11:43 [notice] 31#31: exit
2023/05/28 19:11:43 [notice] 33#33: exit
2023/05/28 19:11:43 [notice] 32#32: exit
2023/05/28 19:11:43 [notice] 1#1: signal 17 (SIGCHLD) received from 30
2023/05/28 19:11:43 [notice] 1#1: worker process 30 exited with code 0
2023/05/28 19:11:43 [notice] 1#1: worker process 33 exited with code 0
2023/05/28 19:11:43 [notice] 1#1: signal 29 (SIGIO) received
2023/05/28 19:11:43 [notice] 1#1: signal 17 (SIGCHLD) received from 33
2023/05/28 19:11:43 [notice] 1#1: signal 17 (SIGCHLD) received from 31
2023/05/28 19:11:43 [notice] 1#1: worker process 31 exited with code 0
2023/05/28 19:11:43 [notice] 1#1: signal 29 (SIGIO) received
2023/05/28 19:11:43 [notice] 1#1: signal 17 (SIGCHLD) received from 32
2023/05/28 19:11:43 [notice] 1#1: worker process 32 exited with code 0
2023/05/28 19:11:43 [notice] 1#1: signal 29 (SIGIO) received
2023/05/28 19:11:43 [notice] 29#29: exiting
2023/05/28 19:11:43 [notice] 29#29: exit
2023/05/28 19:11:43 [notice] 1#1: signal 17 (SIGCHLD) received from 29
2023/05/28 19:11:43 [notice] 1#1: worker process 29 exited with code 0
2023/05/28 19:11:43 [notice] 1#1: exit
2023/05/28 19:11:46 [notice] 1#1: using the "epoll" event method
2023/05/28 19:11:46 [notice] 1#1: nginx/1.25.0
2023/05/28 19:11:46 [notice] 1#1: built by gcc 12.2.1 20220924 (Alpine 12.2.1_git20220924-r4) 
2023/05/28 19:11:46 [notice] 1#1: OS: Linux 5.15.49-linuxkit
2023/05/28 19:11:46 [notice] 1#1: getrlimit(RLIMIT_NOFILE): 1048576:1048576
2023/05/28 19:11:46 [notice] 1#1: start worker processes
2023/05/28 19:11:46 [notice] 1#1: start worker process 29
2023/05/28 19:11:46 [notice] 1#1: start worker process 30
2023/05/28 19:11:46 [notice] 1#1: start worker process 31
2023/05/28 19:11:46 [notice] 1#1: start worker process 32
2023/05/28 19:11:46 [notice] 1#1: start worker process 33
2023/05/28 19:11:48 [error] 29#29: *1 directory index of "/var/www/html/" is forbidden, client: 172.31.0.1, server: , request: "GET / HTTP/1.1", host: "localhost:8080"
2023/05/28 19:11:49 [error] 29#29: *1 directory index of "/var/www/html/" is forbidden, client: 172.31.0.1, server: , request: "GET / HTTP/1.1", host: "localhost:8080"
2023/05/28 19:13:13 [notice] 1#1: signal 3 (SIGQUIT) received, shutting down
2023/05/28 19:13:13 [notice] 29#29: gracefully shutting down
2023/05/28 19:13:13 [notice] 30#30: gracefully shutting down
2023/05/28 19:13:13 [notice] 30#30: exiting
2023/05/28 19:13:13 [notice] 33#33: gracefully shutting down
2023/05/28 19:13:13 [notice] 33#33: exiting
2023/05/28 19:13:13 [notice] 32#32: gracefully shutting down
2023/05/28 19:13:13 [notice] 29#29: exiting
2023/05/28 19:13:13 [notice] 29#29: exit
2023/05/28 19:13:13 [notice] 30#30: exit
2023/05/28 19:13:13 [notice] 33#33: exit
2023/05/28 19:13:13 [notice] 32#32: exiting
2023/05/28 19:13:13 [notice] 31#31: gracefully shutting down
2023/05/28 19:13:13 [notice] 32#32: exit
2023/05/28 19:13:13 [notice] 31#31: exiting
2023/05/28 19:13:13 [notice] 31#31: exit
2023/05/28 19:13:13 [notice] 1#1: signal 17 (SIGCHLD) received from 29
2023/05/28 19:13:13 [notice] 1#1: worker process 29 exited with code 0
2023/05/28 19:13:13 [notice] 1#1: worker process 30 exited with code 0
2023/05/28 19:13:13 [notice] 1#1: signal 29 (SIGIO) received
2023/05/28 19:13:13 [notice] 1#1: signal 17 (SIGCHLD) received from 30
2023/05/28 19:13:13 [notice] 1#1: signal 17 (SIGCHLD) received from 33
2023/05/28 19:13:13 [notice] 1#1: worker process 33 exited with code 0
2023/05/28 19:13:13 [notice] 1#1: signal 29 (SIGIO) received
2023/05/28 19:13:13 [notice] 1#1: signal 17 (SIGCHLD) received from 31
2023/05/28 19:13:13 [notice] 1#1: worker process 31 exited with code 0
2023/05/28 19:13:13 [notice] 1#1: signal 29 (SIGIO) received
2023/05/28 19:13:13 [notice] 1#1: signal 17 (SIGCHLD) received from 32
2023/05/28 19:13:13 [notice] 1#1: worker process 32 exited with code 0
2023/05/28 19:13:13 [notice] 1#1: exit
2023/05/28 19:13:17 [notice] 1#1: using the "epoll" event method
2023/05/28 19:13:17 [notice] 1#1: nginx/1.25.0
2023/05/28 19:13:17 [notice] 1#1: built by gcc 12.2.1 20220924 (Alpine 12.2.1_git20220924-r4) 
2023/05/28 19:13:17 [notice] 1#1: OS: Linux 5.15.49-linuxkit
2023/05/28 19:13:17 [notice] 1#1: getrlimit(RLIMIT_NOFILE): 1048576:1048576
2023/05/28 19:13:17 [notice] 1#1: start worker processes
2023/05/28 19:13:17 [notice] 1#1: start worker process 28
2023/05/28 19:13:17 [notice] 1#1: start worker process 29
2023/05/28 19:13:17 [notice] 1#1: start worker process 30
2023/05/28 19:13:17 [notice] 1#1: start worker process 31
2023/05/28 19:13:17 [notice] 1#1: start worker process 32
2023/05/28 19:14:29 [error] 28#28: *2 directory index of "/var/www/html/" is forbidden, client: 192.168.0.1, server: , request: "GET / HTTP/1.1", host: "localhost:8080"
2023/05/28 19:14:30 [error] 28#28: *2 directory index of "/var/www/html/" is forbidden, client: 192.168.0.1, server: , request: "GET / HTTP/1.1", host: "localhost:8080"
2023/05/28 19:20:10 [notice] 1#1: signal 3 (SIGQUIT) received, shutting down
2023/05/28 19:20:10 [notice] 31#31: gracefully shutting down
2023/05/28 19:20:10 [notice] 32#32: gracefully shutting down
2023/05/28 19:20:10 [notice] 29#29: gracefully shutting down
2023/05/28 19:20:10 [notice] 28#28: gracefully shutting down
2023/05/28 19:20:10 [notice] 30#30: gracefully shutting down
2023/05/28 19:20:10 [notice] 31#31: exiting
2023/05/28 19:20:10 [notice] 32#32: exiting
2023/05/28 19:20:10 [notice] 29#29: exiting
2023/05/28 19:20:10 [notice] 28#28: exiting
2023/05/28 19:20:10 [notice] 30#30: exiting
2023/05/28 19:20:10 [notice] 31#31: exit
2023/05/28 19:20:10 [notice] 32#32: exit
2023/05/28 19:20:10 [notice] 29#29: exit
2023/05/28 19:20:10 [notice] 28#28: exit
2023/05/28 19:20:10 [notice] 30#30: exit
2023/05/28 19:20:10 [notice] 1#1: signal 17 (SIGCHLD) received from 31
2023/05/28 19:20:10 [notice] 1#1: worker process 31 exited with code 0
2023/05/28 19:20:10 [notice] 1#1: signal 29 (SIGIO) received
2023/05/28 19:20:10 [notice] 1#1: signal 17 (SIGCHLD) received from 29
2023/05/28 19:20:10 [notice] 1#1: worker process 29 exited with code 0
2023/05/28 19:20:10 [notice] 1#1: signal 29 (SIGIO) received
2023/05/28 19:20:10 [notice] 1#1: signal 17 (SIGCHLD) received from 28
2023/05/28 19:20:10 [notice] 1#1: worker process 28 exited with code 0
2023/05/28 19:20:10 [notice] 1#1: signal 29 (SIGIO) received
2023/05/28 19:20:10 [notice] 1#1: signal 17 (SIGCHLD) received from 30
2023/05/28 19:20:10 [notice] 1#1: worker process 30 exited with code 0
2023/05/28 19:20:10 [notice] 1#1: worker process 32 exited with code 0
2023/05/28 19:20:10 [notice] 1#1: exit
2023/05/28 19:20:16 [notice] 1#1: using the "epoll" event method
2023/05/28 19:20:16 [notice] 1#1: nginx/1.25.0
2023/05/28 19:20:16 [notice] 1#1: built by gcc 12.2.1 20220924 (Alpine 12.2.1_git20220924-r4) 
2023/05/28 19:20:16 [notice] 1#1: OS: Linux 5.15.49-linuxkit
2023/05/28 19:20:16 [notice] 1#1: getrlimit(RLIMIT_NOFILE): 1048576:1048576
2023/05/28 19:20:16 [notice] 1#1: start worker processes
2023/05/28 19:20:16 [notice] 1#1: start worker process 29
2023/05/28 19:20:16 [notice] 1#1: start worker process 30
2023/05/28 19:20:16 [notice] 1#1: start worker process 31
2023/05/28 19:20:16 [notice] 1#1: start worker process 32
2023/05/28 19:20:16 [notice] 1#1: start worker process 33
2023/05/28 19:25:17 [notice] 1#1: using the "epoll" event method
2023/05/28 19:25:17 [notice] 1#1: nginx/1.25.0
2023/05/28 19:25:17 [notice] 1#1: built by gcc 12.2.1 20220924 (Alpine 12.2.1_git20220924-r4) 
2023/05/28 19:25:17 [notice] 1#1: OS: Linux 5.15.49-linuxkit
2023/05/28 19:25:17 [notice] 1#1: getrlimit(RLIMIT_NOFILE): 1048576:1048576
2023/05/28 19:25:17 [notice] 1#1: start worker processes
2023/05/28 19:25:17 [notice] 1#1: start worker process 29
2023/05/28 19:25:17 [notice] 1#1: start worker process 30
2023/05/28 19:25:17 [notice] 1#1: start worker process 31
2023/05/28 19:25:17 [notice] 1#1: start worker process 32
2023/05/28 19:25:17 [notice] 1#1: start worker process 33
2023/05/28 19:25:22 [error] 29#29: *1 directory index of "/var/www/html/" is forbidden, client: 172.18.0.1, server: , request: "GET / HTTP/1.1", host: "localhost:8080"
2023/05/28 19:25:23 [error] 29#29: *1 open() "/var/www/html/favicon.ico" failed (2: No such file or directory), client: 172.18.0.1, server: , request: "GET /favicon.ico HTTP/1.1", host: "localhost:8080", referrer: "http://localhost:8080/"
2023/05/28 19:25:24 [error] 29#29: *1 directory index of "/var/www/html/" is forbidden, client: 172.18.0.1, server: , request: "GET / HTTP/1.1", host: "localhost:8080"
2023/05/28 19:27:04 [notice] 1#1: signal 3 (SIGQUIT) received, shutting down
2023/05/28 19:27:04 [notice] 29#29: gracefully shutting down
2023/05/28 19:27:04 [notice] 32#32: gracefully shutting down
2023/05/28 19:27:04 [notice] 32#32: exiting
2023/05/28 19:27:04 [notice] 30#30: gracefully shutting down
2023/05/28 19:27:04 [notice] 29#29: exiting
2023/05/28 19:27:04 [notice] 32#32: exit
2023/05/28 19:27:04 [notice] 33#33: gracefully shutting down
2023/05/28 19:27:04 [notice] 31#31: gracefully shutting down
2023/05/28 19:27:04 [notice] 30#30: exiting
2023/05/28 19:27:04 [notice] 30#30: exit
2023/05/28 19:27:04 [notice] 29#29: exit
2023/05/28 19:27:04 [notice] 33#33: exiting
2023/05/28 19:27:04 [notice] 31#31: exiting
2023/05/28 19:27:04 [notice] 33#33: exit
2023/05/28 19:27:04 [notice] 31#31: exit
2023/05/28 19:27:04 [notice] 1#1: signal 17 (SIGCHLD) received from 32
2023/05/28 19:27:04 [notice] 1#1: worker process 32 exited with code 0
2023/05/28 19:27:04 [notice] 1#1: signal 29 (SIGIO) received
2023/05/28 19:27:04 [notice] 1#1: signal 17 (SIGCHLD) received from 31
2023/05/28 19:27:04 [notice] 1#1: worker process 31 exited with code 0
2023/05/28 19:27:04 [notice] 1#1: signal 29 (SIGIO) received
2023/05/28 19:27:04 [notice] 1#1: signal 17 (SIGCHLD) received from 29
2023/05/28 19:27:04 [notice] 1#1: worker process 29 exited with code 0
2023/05/28 19:27:04 [notice] 1#1: signal 29 (SIGIO) received
2023/05/28 19:27:04 [notice] 1#1: signal 17 (SIGCHLD) received from 30
2023/05/28 19:27:04 [notice] 1#1: worker process 30 exited with code 0
2023/05/28 19:27:04 [notice] 1#1: worker process 33 exited with code 0
2023/05/28 19:27:04 [notice] 1#1: exit
2023/05/28 19:27:06 [notice] 1#1: using the "epoll" event method
2023/05/28 19:27:06 [notice] 1#1: nginx/1.25.0
2023/05/28 19:27:06 [notice] 1#1: built by gcc 12.2.1 20220924 (Alpine 12.2.1_git20220924-r4) 
2023/05/28 19:27:06 [notice] 1#1: OS: Linux 5.15.49-linuxkit
2023/05/28 19:27:06 [notice] 1#1: getrlimit(RLIMIT_NOFILE): 1048576:1048576
2023/05/28 19:27:06 [notice] 1#1: start worker processes
2023/05/28 19:27:06 [notice] 1#1: start worker process 29
2023/05/28 19:27:06 [notice] 1#1: start worker process 30
2023/05/28 19:27:06 [notice] 1#1: start worker process 31
2023/05/28 19:27:06 [notice] 1#1: start worker process 32
2023/05/28 19:27:06 [notice] 1#1: start worker process 33
2023/05/28 19:30:55 [notice] 1#1: signal 3 (SIGQUIT) received, shutting down
2023/05/28 19:30:55 [notice] 29#29: gracefully shutting down
2023/05/28 19:30:55 [notice] 29#29: exiting
2023/05/28 19:30:55 [notice] 30#30: gracefully shutting down
2023/05/28 19:30:55 [notice] 30#30: exiting
2023/05/28 19:30:55 [notice] 31#31: gracefully shutting down
2023/05/28 19:30:55 [notice] 32#32: gracefully shutting down
2023/05/28 19:30:55 [notice] 29#29: exit
2023/05/28 19:30:55 [notice] 33#33: gracefully shutting down
2023/05/28 19:30:55 [notice] 30#30: exit
2023/05/28 19:30:55 [notice] 31#31: exiting
2023/05/28 19:30:55 [notice] 32#32: exiting
2023/05/28 19:30:55 [notice] 33#33: exiting
2023/05/28 19:30:55 [notice] 31#31: exit
2023/05/28 19:30:55 [notice] 32#32: exit
2023/05/28 19:30:55 [notice] 33#33: exit
2023/05/28 19:30:55 [notice] 1#1: signal 17 (SIGCHLD) received from 29
2023/05/28 19:30:55 [notice] 1#1: worker process 29 exited with code 0
2023/05/28 19:30:55 [notice] 1#1: signal 29 (SIGIO) received
2023/05/28 19:30:55 [notice] 1#1: signal 17 (SIGCHLD) received from 30
2023/05/28 19:30:55 [notice] 1#1: worker process 30 exited with code 0
2023/05/28 19:30:55 [notice] 1#1: worker process 31 exited with code 0
2023/05/28 19:30:55 [notice] 1#1: signal 29 (SIGIO) received
2023/05/28 19:30:55 [notice] 1#1: signal 17 (SIGCHLD) received from 31
2023/05/28 19:30:55 [notice] 1#1: signal 17 (SIGCHLD) received from 33
2023/05/28 19:30:55 [notice] 1#1: worker process 32 exited with code 0
2023/05/28 19:30:55 [notice] 1#1: worker process 33 exited with code 0
2023/05/28 19:30:55 [notice] 1#1: exit
2023/05/28 19:30:58 [notice] 1#1: using the "epoll" event method
2023/05/28 19:30:58 [notice] 1#1: nginx/1.25.0
2023/05/28 19:30:58 [notice] 1#1: built by gcc 12.2.1 20220924 (Alpine 12.2.1_git20220924-r4) 
2023/05/28 19:30:58 [notice] 1#1: OS: Linux 5.15.49-linuxkit
2023/05/28 19:30:58 [notice] 1#1: getrlimit(RLIMIT_NOFILE): 1048576:1048576
2023/05/28 19:30:58 [notice] 1#1: start worker processes
2023/05/28 19:30:58 [notice] 1#1: start worker process 29
2023/05/28 19:30:58 [notice] 1#1: start worker process 30
2023/05/28 19:30:58 [notice] 1#1: start worker process 31
2023/05/28 19:30:58 [notice] 1#1: start worker process 32
2023/05/28 19:30:58 [notice] 1#1: start worker process 33
2023/05/28 19:32:31 [notice] 1#1: signal 3 (SIGQUIT) received, shutting down
2023/05/28 19:32:31 [notice] 29#29: gracefully shutting down
2023/05/28 19:32:31 [notice] 29#29: exiting
2023/05/28 19:32:31 [notice] 30#30: gracefully shutting down
2023/05/28 19:32:31 [notice] 32#32: gracefully shutting down
2023/05/28 19:32:31 [notice] 32#32: exiting
2023/05/28 19:32:31 [notice] 31#31: gracefully shutting down
2023/05/28 19:32:31 [notice] 29#29: exit
2023/05/28 19:32:31 [notice] 33#33: gracefully shutting down
2023/05/28 19:32:31 [notice] 33#33: exiting
2023/05/28 19:32:31 [notice] 30#30: exiting
2023/05/28 19:32:31 [notice] 32#32: exit
2023/05/28 19:32:31 [notice] 31#31: exiting
2023/05/28 19:32:31 [notice] 31#31: exit
2023/05/28 19:32:31 [notice] 33#33: exit
2023/05/28 19:32:31 [notice] 30#30: exit
2023/05/28 19:32:31 [notice] 1#1: signal 17 (SIGCHLD) received from 29
2023/05/28 19:32:31 [notice] 1#1: worker process 29 exited with code 0
2023/05/28 19:32:31 [notice] 1#1: worker process 31 exited with code 0
2023/05/28 19:32:31 [notice] 1#1: signal 29 (SIGIO) received
2023/05/28 19:32:31 [notice] 1#1: signal 17 (SIGCHLD) received from 31
2023/05/28 19:32:31 [notice] 1#1: signal 17 (SIGCHLD) received from 33
2023/05/28 19:32:31 [notice] 1#1: worker process 33 exited with code 0
2023/05/28 19:32:31 [notice] 1#1: worker process 32 exited with code 0
2023/05/28 19:32:31 [notice] 1#1: signal 29 (SIGIO) received
2023/05/28 19:32:31 [notice] 1#1: signal 17 (SIGCHLD) received from 32
2023/05/28 19:32:31 [notice] 1#1: signal 17 (SIGCHLD) received from 30
2023/05/28 19:32:31 [notice] 1#1: worker process 30 exited with code 0
2023/05/28 19:32:31 [notice] 1#1: exit
2023/05/28 19:33:15 [warn] 1#1: conflicting server name "localhost" on 0.0.0.0:80, ignored
2023/05/28 19:33:15 [notice] 1#1: using the "epoll" event method
2023/05/28 19:33:15 [notice] 1#1: nginx/1.25.0
2023/05/28 19:33:15 [notice] 1#1: built by gcc 12.2.1 20220924 (Alpine 12.2.1_git20220924-r4) 
2023/05/28 19:33:15 [notice] 1#1: OS: Linux 5.15.49-linuxkit
2023/05/28 19:33:15 [notice] 1#1: getrlimit(RLIMIT_NOFILE): 1048576:1048576
2023/05/28 19:33:15 [notice] 1#1: start worker processes
2023/05/28 19:33:15 [notice] 1#1: start worker process 30
2023/05/28 19:33:15 [notice] 1#1: start worker process 31
2023/05/28 19:33:15 [notice] 1#1: start worker process 32
2023/05/28 19:33:15 [notice] 1#1: start worker process 33
2023/05/28 19:33:15 [notice] 1#1: start worker process 34
2023/05/28 19:34:19 [notice] 1#1: signal 3 (SIGQUIT) received, shutting down
2023/05/28 19:34:19 [notice] 30#30: gracefully shutting down
2023/05/28 19:34:19 [notice] 30#30: exiting
2023/05/28 19:34:19 [notice] 32#32: gracefully shutting down
2023/05/28 19:34:19 [notice] 31#31: gracefully shutting down
2023/05/28 19:34:19 [notice] 34#34: gracefully shutting down
2023/05/28 19:34:19 [notice] 33#33: gracefully shutting down
2023/05/28 19:34:19 [notice] 30#30: exit
2023/05/28 19:34:19 [notice] 32#32: exiting
2023/05/28 19:34:19 [notice] 32#32: exit
2023/05/28 19:34:19 [notice] 31#31: exiting
2023/05/28 19:34:19 [notice] 31#31: exit
2023/05/28 19:34:19 [notice] 34#34: exiting
2023/05/28 19:34:19 [notice] 33#33: exiting
2023/05/28 19:34:19 [notice] 34#34: exit
2023/05/28 19:34:19 [notice] 33#33: exit
2023/05/28 19:34:19 [notice] 1#1: signal 17 (SIGCHLD) received from 32
2023/05/28 19:34:19 [notice] 1#1: worker process 32 exited with code 0
2023/05/28 19:34:19 [notice] 1#1: signal 29 (SIGIO) received
2023/05/28 19:34:19 [notice] 1#1: signal 17 (SIGCHLD) received from 30
2023/05/28 19:34:19 [notice] 1#1: worker process 30 exited with code 0
2023/05/28 19:34:19 [notice] 1#1: signal 29 (SIGIO) received
2023/05/28 19:34:19 [notice] 1#1: signal 17 (SIGCHLD) received from 34
2023/05/28 19:34:19 [notice] 1#1: worker process 33 exited with code 0
2023/05/28 19:34:19 [notice] 1#1: worker process 31 exited with code 0
2023/05/28 19:34:19 [notice] 1#1: worker process 34 exited with code 0
2023/05/28 19:34:19 [notice] 1#1: exit
2023/05/28 19:35:13 [notice] 1#1: using the "epoll" event method
2023/05/28 19:35:13 [notice] 1#1: nginx/1.25.0
2023/05/28 19:35:13 [notice] 1#1: built by gcc 12.2.1 20220924 (Alpine 12.2.1_git20220924-r4) 
2023/05/28 19:35:13 [notice] 1#1: OS: Linux 5.15.49-linuxkit
2023/05/28 19:35:13 [notice] 1#1: getrlimit(RLIMIT_NOFILE): 1048576:1048576
2023/05/28 19:35:13 [notice] 1#1: start worker processes
2023/05/28 19:35:13 [notice] 1#1: start worker process 29
2023/05/28 19:35:13 [notice] 1#1: start worker process 30
2023/05/28 19:35:13 [notice] 1#1: start worker process 31
2023/05/28 19:35:13 [notice] 1#1: start worker process 32
2023/05/28 19:35:13 [notice] 1#1: start worker process 33
2023/05/28 19:35:52 [notice] 1#1: signal 3 (SIGQUIT) received, shutting down
2023/05/28 19:35:52 [notice] 30#30: gracefully shutting down
2023/05/28 19:35:52 [notice] 30#30: exiting
2023/05/28 19:35:52 [notice] 29#29: gracefully shutting down
2023/05/28 19:35:52 [notice] 31#31: gracefully shutting down
2023/05/28 19:35:52 [notice] 33#33: gracefully shutting down
2023/05/28 19:35:52 [notice] 33#33: exiting
2023/05/28 19:35:52 [notice] 32#32: gracefully shutting down
2023/05/28 19:35:52 [notice] 30#30: exit
2023/05/28 19:35:52 [notice] 29#29: exiting
2023/05/28 19:35:52 [notice] 31#31: exiting
2023/05/28 19:35:52 [notice] 33#33: exit
2023/05/28 19:35:52 [notice] 32#32: exiting
2023/05/28 19:35:52 [notice] 32#32: exit
2023/05/28 19:35:52 [notice] 29#29: exit
2023/05/28 19:35:52 [notice] 31#31: exit
2023/05/28 19:35:52 [notice] 1#1: signal 17 (SIGCHLD) received from 30
2023/05/28 19:35:52 [notice] 1#1: worker process 30 exited with code 0
2023/05/28 19:35:52 [notice] 1#1: signal 29 (SIGIO) received
2023/05/28 19:35:52 [notice] 1#1: signal 17 (SIGCHLD) received from 33
2023/05/28 19:35:52 [notice] 1#1: worker process 32 exited with code 0
2023/05/28 19:35:52 [notice] 1#1: worker process 33 exited with code 0
2023/05/28 19:35:52 [notice] 1#1: signal 29 (SIGIO) received
2023/05/28 19:35:52 [notice] 1#1: signal 17 (SIGCHLD) received from 29
2023/05/28 19:35:52 [notice] 1#1: worker process 29 exited with code 0
2023/05/28 19:35:52 [notice] 1#1: signal 29 (SIGIO) received
2023/05/28 19:35:52 [notice] 1#1: signal 17 (SIGCHLD) received from 31
2023/05/28 19:35:52 [notice] 1#1: worker process 31 exited with code 0
2023/05/28 19:35:52 [notice] 1#1: exit
2023/05/28 19:35:54 [notice] 1#1: using the "epoll" event method
2023/05/28 19:35:54 [notice] 1#1: nginx/1.25.0
2023/05/28 19:35:54 [notice] 1#1: built by gcc 12.2.1 20220924 (Alpine 12.2.1_git20220924-r4) 
2023/05/28 19:35:54 [notice] 1#1: OS: Linux 5.15.49-linuxkit
2023/05/28 19:35:54 [notice] 1#1: getrlimit(RLIMIT_NOFILE): 1048576:1048576
2023/05/28 19:35:54 [notice] 1#1: start worker processes
2023/05/28 19:35:54 [notice] 1#1: start worker process 29
2023/05/28 19:35:54 [notice] 1#1: start worker process 30
2023/05/28 19:35:54 [notice] 1#1: start worker process 31
2023/05/28 19:35:54 [notice] 1#1: start worker process 32
2023/05/28 19:35:54 [notice] 1#1: start worker process 33
2023/05/28 19:36:27 [notice] 1#1: signal 3 (SIGQUIT) received, shutting down
2023/05/28 19:36:27 [notice] 29#29: gracefully shutting down
2023/05/28 19:36:27 [notice] 31#31: gracefully shutting down
2023/05/28 19:36:27 [notice] 32#32: gracefully shutting down
2023/05/28 19:36:27 [notice] 33#33: gracefully shutting down
2023/05/28 19:36:27 [notice] 33#33: exiting
2023/05/28 19:36:27 [notice] 31#31: exiting
2023/05/28 19:36:27 [notice] 32#32: exiting
2023/05/28 19:36:27 [notice] 30#30: gracefully shutting down
2023/05/28 19:36:27 [notice] 33#33: exit
2023/05/28 19:36:27 [notice] 31#31: exit
2023/05/28 19:36:27 [notice] 32#32: exit
2023/05/28 19:36:27 [notice] 30#30: exiting
2023/05/28 19:36:27 [notice] 30#30: exit
2023/05/28 19:36:27 [notice] 1#1: signal 17 (SIGCHLD) received from 33
2023/05/28 19:36:27 [notice] 1#1: worker process 33 exited with code 0
2023/05/28 19:36:27 [notice] 1#1: signal 29 (SIGIO) received
2023/05/28 19:36:27 [notice] 1#1: signal 17 (SIGCHLD) received from 32
2023/05/28 19:36:27 [notice] 1#1: worker process 32 exited with code 0
2023/05/28 19:36:27 [notice] 1#1: signal 29 (SIGIO) received
2023/05/28 19:36:27 [notice] 1#1: signal 17 (SIGCHLD) received from 30
2023/05/28 19:36:27 [notice] 1#1: worker process 30 exited with code 0
2023/05/28 19:36:27 [notice] 1#1: worker process 31 exited with code 0
2023/05/28 19:36:27 [notice] 1#1: signal 29 (SIGIO) received
2023/05/28 19:36:27 [notice] 1#1: signal 17 (SIGCHLD) received from 31
2023/05/28 19:36:52 [notice] 1#1: using the "epoll" event method
2023/05/28 19:36:52 [notice] 1#1: nginx/1.25.0
2023/05/28 19:36:52 [notice] 1#1: built by gcc 12.2.1 20220924 (Alpine 12.2.1_git20220924-r4) 
2023/05/28 19:36:52 [notice] 1#1: OS: Linux 5.15.49-linuxkit
2023/05/28 19:36:52 [notice] 1#1: getrlimit(RLIMIT_NOFILE): 1048576:1048576
2023/05/28 19:36:52 [notice] 1#1: start worker processes
2023/05/28 19:36:52 [notice] 1#1: start worker process 29
2023/05/28 19:36:52 [notice] 1#1: start worker process 30
2023/05/28 19:36:52 [notice] 1#1: start worker process 31
2023/05/28 19:36:52 [notice] 1#1: start worker process 32
2023/05/28 19:36:52 [notice] 1#1: start worker process 33
